0 info it worked if it ends with ok
1 verbose cli [ '/usr/bin/node',
1 verbose cli   '/usr/bin/npm',
1 verbose cli   'install',
1 verbose cli   '--save',
1 verbose cli   'mongoose-auto-increment' ]
2 info using npm@1.4.28
3 info using node@v0.10.37
4 verbose node symlink /usr/bin/node
5 verbose readDependencies using package.json deps
6 verbose cache add [ 'mongoose-auto-increment', null ]
7 verbose cache add name=undefined spec="mongoose-auto-increment" args=["mongoose-auto-increment",null]
8 verbose parsed url { protocol: null,
8 verbose parsed url   slashes: null,
8 verbose parsed url   auth: null,
8 verbose parsed url   host: null,
8 verbose parsed url   port: null,
8 verbose parsed url   hostname: null,
8 verbose parsed url   hash: null,
8 verbose parsed url   search: null,
8 verbose parsed url   query: null,
8 verbose parsed url   pathname: 'mongoose-auto-increment',
8 verbose parsed url   path: 'mongoose-auto-increment',
8 verbose parsed url   href: 'mongoose-auto-increment' }
9 silly lockFile a2b637ad-mongoose-auto-increment mongoose-auto-increment
10 verbose lock mongoose-auto-increment /home/ayoub/.npm/a2b637ad-mongoose-auto-increment.lock
11 silly lockFile a2b637ad-mongoose-auto-increment mongoose-auto-increment
12 silly lockFile a2b637ad-mongoose-auto-increment mongoose-auto-increment
13 verbose addNamed [ 'mongoose-auto-increment', '' ]
14 verbose addNamed [ null, '*' ]
15 silly lockFile 625aec1e-mongoose-auto-increment mongoose-auto-increment@
16 verbose lock mongoose-auto-increment@ /home/ayoub/.npm/625aec1e-mongoose-auto-increment.lock
17 silly addNameRange { name: 'mongoose-auto-increment', range: '*', hasData: false }
18 verbose request where is /mongoose-auto-increment
19 verbose request registry https://registry.npmjs.org/
20 verbose request id 86c14fa7c9d8f852
21 verbose url raw /mongoose-auto-increment
22 verbose url resolving [ 'https://registry.npmjs.org/', './mongoose-auto-increment' ]
23 verbose url resolved https://registry.npmjs.org/mongoose-auto-increment
24 verbose request where is https://registry.npmjs.org/mongoose-auto-increment
25 info trying registry request attempt 1 at 15:54:26
26 verbose etag "DJWUKDU9YKOEFW3WW3FUO4937"
27 http GET https://registry.npmjs.org/mongoose-auto-increment
28 http 304 https://registry.npmjs.org/mongoose-auto-increment
29 silly registry.get cb [ 304,
29 silly registry.get   { date: 'Fri, 31 Jul 2015 14:54:26 GMT',
29 silly registry.get     via: '1.1 varnish',
29 silly registry.get     'cache-control': 'max-age=60',
29 silly registry.get     etag: '"DJWUKDU9YKOEFW3WW3FUO4937"',
29 silly registry.get     age: '0',
29 silly registry.get     connection: 'keep-alive',
29 silly registry.get     'x-served-by': 'cache-lcy1129-LCY',
29 silly registry.get     'x-cache': 'HIT',
29 silly registry.get     'x-cache-hits': '1',
29 silly registry.get     'x-timer': 'S1438354466.885586,VS0,VE168',
29 silly registry.get     vary: 'Accept' } ]
30 verbose etag https://registry.npmjs.org/mongoose-auto-increment from cache
31 silly addNameRange number 2 { name: 'mongoose-auto-increment', range: '*', hasData: true }
32 silly addNameRange versions [ 'mongoose-auto-increment',
32 silly addNameRange   [ '1.0.0',
32 silly addNameRange     '1.0.1',
32 silly addNameRange     '1.1.0',
32 silly addNameRange     '1.2.0',
32 silly addNameRange     '1.1.1',
32 silly addNameRange     '1.2.1',
32 silly addNameRange     '1.2.2',
32 silly addNameRange     '1.2.3',
32 silly addNameRange     '1.3.0',
32 silly addNameRange     '1.3.1',
32 silly addNameRange     '2.0.0',
32 silly addNameRange     '2.0.1',
32 silly addNameRange     '2.0.2',
32 silly addNameRange     '2.0.3',
32 silly addNameRange     '2.0.4',
32 silly addNameRange     '2.1.0',
32 silly addNameRange     '2.1.1',
32 silly addNameRange     '2.1.2',
32 silly addNameRange     '2.1.3',
32 silly addNameRange     '2.1.4',
32 silly addNameRange     '3.0.0',
32 silly addNameRange     '3.0.1',
32 silly addNameRange     '3.0.2',
32 silly addNameRange     '3.0.3',
32 silly addNameRange     '3.0.4',
32 silly addNameRange     '3.0.5',
32 silly addNameRange     '3.0.6',
32 silly addNameRange     '3.0.7',
32 silly addNameRange     '3.0.8',
32 silly addNameRange     '3.1.0',
32 silly addNameRange     '3.2.0',
32 silly addNameRange     '3.2.2',
32 silly addNameRange     '3.2.3',
32 silly addNameRange     '4.0.0',
32 silly addNameRange     '3.2.4' ] ]
33 verbose addNamed [ 'mongoose-auto-increment', '4.0.0' ]
34 verbose addNamed [ '4.0.0', '4.0.0' ]
35 silly lockFile d4c52210-mongoose-auto-increment-4-0-0 mongoose-auto-increment@4.0.0
36 verbose lock mongoose-auto-increment@4.0.0 /home/ayoub/.npm/d4c52210-mongoose-auto-increment-4-0-0.lock
37 silly lockFile d4c52210-mongoose-auto-increment-4-0-0 mongoose-auto-increment@4.0.0
38 silly lockFile d4c52210-mongoose-auto-increment-4-0-0 mongoose-auto-increment@4.0.0
39 silly lockFile 625aec1e-mongoose-auto-increment mongoose-auto-increment@
40 silly lockFile 625aec1e-mongoose-auto-increment mongoose-auto-increment@
41 silly resolved [ { name: 'mongoose-auto-increment',
41 silly resolved     version: '4.0.0',
41 silly resolved     description: 'This plugin allows you to auto-increment any field on any mongoose schema that you wish.',
41 silly resolved     repository:
41 silly resolved      { type: 'git',
41 silly resolved        url: 'git://github.com/codetunnel/mongoose-auto-increment.git' },
41 silly resolved     dependencies: { extend: '^2.0.0' },
41 silly resolved     peerDependencies: { mongoose: '~4.0.0' },
41 silly resolved     devDependencies: { async: '*', chai: '*', mocha: '*', mongoose: '~4.0.0' },
41 silly resolved     keywords:
41 silly resolved      [ 'mongoose',
41 silly resolved        'plugin',
41 silly resolved        'auto-increment',
41 silly resolved        'auto',
41 silly resolved        'increment',
41 silly resolved        'automatic',
41 silly resolved        'autoincrement',
41 silly resolved        'auto_increment',
41 silly resolved        'autoinc',
41 silly resolved        'auto-inc',
41 silly resolved        'auto_inc',
41 silly resolved        'pureautoinc',
41 silly resolved        'mongoose-pureautoinc' ],
41 silly resolved     author:
41 silly resolved      { name: 'Alex Ford',
41 silly resolved        email: 'alex.ford@codetunnel.com',
41 silly resolved        url: 'Chevex' },
41 silly resolved     contributors: [ [Object], [Object], [Object], [Object] ],
41 silly resolved     scripts: { test: 'node_modules/mocha/bin/mocha' },
41 silly resolved     bugs: { url: 'https://github.com/codetunnel/mongoose-auto-increment/issues' },
41 silly resolved     gitHead: '7b36fc6ef64eee3ac85bd086b208eaaf986d99f5',
41 silly resolved     homepage: 'https://github.com/codetunnel/mongoose-auto-increment',
41 silly resolved     _id: 'mongoose-auto-increment@4.0.0',
41 silly resolved     _shasum: '86531b5b07a434fa88ba0c04694c214230b435cc',
41 silly resolved     _from: 'mongoose-auto-increment@',
41 silly resolved     _npmVersion: '2.6.1',
41 silly resolved     _nodeVersion: '0.12.0',
41 silly resolved     _npmUser: { name: 'chevex', email: 'alex.ford@codetunnel.com' },
41 silly resolved     maintainers: [ [Object] ],
41 silly resolved     dist:
41 silly resolved      { shasum: '86531b5b07a434fa88ba0c04694c214230b435cc',
41 silly resolved        tarball: 'http://registry.npmjs.org/mongoose-auto-increment/-/mongoose-auto-increment-4.0.0.tgz' },
41 silly resolved     directories: {},
41 silly resolved     _resolved: 'https://registry.npmjs.org/mongoose-auto-increment/-/mongoose-auto-increment-4.0.0.tgz',
41 silly resolved     readme: 'ERROR: No README data found!' } ]
42 info install mongoose-auto-increment@4.0.0 into /home/ayoub/userTracker
43 info installOne mongoose-auto-increment@4.0.0
44 verbose node_modules/mongoose-auto-increment unbuild
45 verbose tar unpack /home/ayoub/.npm/mongoose-auto-increment/4.0.0/package.tgz
46 silly lockFile 4d4d78d7--modules-mongoose-auto-increment tar:///home/ayoub/userTracker/node_modules/mongoose-auto-increment
47 verbose lock tar:///home/ayoub/userTracker/node_modules/mongoose-auto-increment /home/ayoub/.npm/4d4d78d7--modules-mongoose-auto-increment.lock
48 silly lockFile f5701b56-auto-increment-4-0-0-package-tgz tar:///home/ayoub/.npm/mongoose-auto-increment/4.0.0/package.tgz
49 verbose lock tar:///home/ayoub/.npm/mongoose-auto-increment/4.0.0/package.tgz /home/ayoub/.npm/f5701b56-auto-increment-4-0-0-package-tgz.lock
50 silly gunzTarPerm modes [ '755', '644' ]
51 silly gunzTarPerm extractEntry package.json
52 silly gunzTarPerm extractEntry .npmignore
53 silly gunzTarPerm extractEntry README.md
54 silly gunzTarPerm extractEntry LICENSE
55 silly gunzTarPerm extractEntry index.js
56 silly gunzTarPerm extractEntry .travis.yml
57 silly gunzTarPerm extractEntry CONTRIBUTING.md
58 silly gunzTarPerm extractEntry test/test.js
59 silly gunzTarPerm extractEntry test/mocha.opts
60 silly lockFile 4d4d78d7--modules-mongoose-auto-increment tar:///home/ayoub/userTracker/node_modules/mongoose-auto-increment
61 silly lockFile 4d4d78d7--modules-mongoose-auto-increment tar:///home/ayoub/userTracker/node_modules/mongoose-auto-increment
62 silly lockFile f5701b56-auto-increment-4-0-0-package-tgz tar:///home/ayoub/.npm/mongoose-auto-increment/4.0.0/package.tgz
63 silly lockFile f5701b56-auto-increment-4-0-0-package-tgz tar:///home/ayoub/.npm/mongoose-auto-increment/4.0.0/package.tgz
64 info preinstall mongoose-auto-increment@4.0.0
65 verbose readDependencies using package.json deps
66 verbose readDependencies using package.json deps
67 verbose cache add [ 'extend@^2.0.0', null ]
68 verbose cache add name=undefined spec="extend@^2.0.0" args=["extend@^2.0.0",null]
69 verbose parsed url { protocol: null,
69 verbose parsed url   slashes: null,
69 verbose parsed url   auth: null,
69 verbose parsed url   host: null,
69 verbose parsed url   port: null,
69 verbose parsed url   hostname: null,
69 verbose parsed url   hash: null,
69 verbose parsed url   search: null,
69 verbose parsed url   query: null,
69 verbose parsed url   pathname: 'extend@^2.0.0',
69 verbose parsed url   path: 'extend@^2.0.0',
69 verbose parsed url   href: 'extend@^2.0.0' }
70 verbose cache add name="extend" spec="^2.0.0" args=["extend","^2.0.0"]
71 verbose parsed url { protocol: null,
71 verbose parsed url   slashes: null,
71 verbose parsed url   auth: null,
71 verbose parsed url   host: null,
71 verbose parsed url   port: null,
71 verbose parsed url   hostname: null,
71 verbose parsed url   hash: null,
71 verbose parsed url   search: null,
71 verbose parsed url   query: null,
71 verbose parsed url   pathname: '^2.0.0',
71 verbose parsed url   path: '^2.0.0',
71 verbose parsed url   href: '^2.0.0' }
72 verbose addNamed [ 'extend', '^2.0.0' ]
73 verbose addNamed [ null, '>=2.0.0-0 <3.0.0-0' ]
74 silly lockFile c49faa5d-extend-2-0-0 extend@^2.0.0
75 verbose lock extend@^2.0.0 /home/ayoub/.npm/c49faa5d-extend-2-0-0.lock
76 silly addNameRange { name: 'extend', range: '>=2.0.0-0 <3.0.0-0', hasData: false }
77 verbose request where is /extend
78 verbose request registry https://registry.npmjs.org/
79 verbose url raw /extend
80 verbose url resolving [ 'https://registry.npmjs.org/', './extend' ]
81 verbose url resolved https://registry.npmjs.org/extend
82 verbose request where is https://registry.npmjs.org/extend
83 info trying registry request attempt 1 at 15:54:27
84 verbose etag "C1I6NMXYFPLWYM2UZ47VPVXL4"
85 http GET https://registry.npmjs.org/extend
86 http 304 https://registry.npmjs.org/extend
87 silly registry.get cb [ 304,
87 silly registry.get   { date: 'Fri, 31 Jul 2015 14:54:27 GMT',
87 silly registry.get     via: '1.1 varnish',
87 silly registry.get     'cache-control': 'max-age=60',
87 silly registry.get     etag: '"C1I6NMXYFPLWYM2UZ47VPVXL4"',
87 silly registry.get     age: '15',
87 silly registry.get     connection: 'keep-alive',
87 silly registry.get     'x-served-by': 'cache-lcy1126-LCY',
87 silly registry.get     'x-cache': 'HIT',
87 silly registry.get     'x-cache-hits': '1',
87 silly registry.get     'x-timer': 'S1438354467.798780,VS0,VE0',
87 silly registry.get     vary: 'Accept' } ]
88 verbose etag https://registry.npmjs.org/extend from cache
89 silly addNameRange number 2 { name: 'extend', range: '>=2.0.0-0 <3.0.0-0', hasData: true }
90 silly addNameRange versions [ 'extend',
90 silly addNameRange   [ '1.0.0',
90 silly addNameRange     '1.1.0',
90 silly addNameRange     '1.1.1',
90 silly addNameRange     '1.1.3',
90 silly addNameRange     '1.2.0',
90 silly addNameRange     '1.2.1',
90 silly addNameRange     '1.3.0',
90 silly addNameRange     '2.0.0',
90 silly addNameRange     '2.0.1',
90 silly addNameRange     '3.0.0' ] ]
91 verbose addNamed [ 'extend', '2.0.1' ]
92 verbose addNamed [ '2.0.1', '2.0.1' ]
93 silly lockFile 6f1e8ae3-extend-2-0-1 extend@2.0.1
94 verbose lock extend@2.0.1 /home/ayoub/.npm/6f1e8ae3-extend-2-0-1.lock
95 silly lockFile c0bfd5af-pmjs-org-extend-extend-2-0-1-tgz https://registry.npmjs.org/extend/-/extend-2.0.1.tgz
96 verbose lock https://registry.npmjs.org/extend/-/extend-2.0.1.tgz /home/ayoub/.npm/c0bfd5af-pmjs-org-extend-extend-2-0-1-tgz.lock
97 verbose addRemoteTarball [ 'https://registry.npmjs.org/extend/-/extend-2.0.1.tgz',
97 verbose addRemoteTarball   '1ee8010689e7395ff9448241c98652bc759a8260' ]
98 info retry fetch attempt 1 at 15:54:28
99 verbose fetch to= /tmp/npm-21656-qdR8VVsa/registry.npmjs.org/extend/-/extend-2.0.1.tgz
100 http GET https://registry.npmjs.org/extend/-/extend-2.0.1.tgz
101 http 200 https://registry.npmjs.org/extend/-/extend-2.0.1.tgz
102 silly lockFile c0bfd5af-pmjs-org-extend-extend-2-0-1-tgz https://registry.npmjs.org/extend/-/extend-2.0.1.tgz
103 silly lockFile c0bfd5af-pmjs-org-extend-extend-2-0-1-tgz https://registry.npmjs.org/extend/-/extend-2.0.1.tgz
104 silly lockFile 6f1e8ae3-extend-2-0-1 extend@2.0.1
105 silly lockFile 6f1e8ae3-extend-2-0-1 extend@2.0.1
106 silly lockFile c49faa5d-extend-2-0-0 extend@^2.0.0
107 silly lockFile c49faa5d-extend-2-0-0 extend@^2.0.0
108 silly resolved [ { name: 'extend',
108 silly resolved     author:
108 silly resolved      { name: 'Stefan Thomas',
108 silly resolved        email: 'justmoon@members.fsf.org',
108 silly resolved        url: 'http://www.justmoon.net' },
108 silly resolved     version: '2.0.1',
108 silly resolved     description: 'Port of jQuery.extend for node.js and the browser',
108 silly resolved     main: 'index',
108 silly resolved     scripts:
108 silly resolved      { test: 'npm run lint && node test/index.js && npm run coverage-quiet',
108 silly resolved        coverage: 'covert test/index.js',
108 silly resolved        'coverage-quiet': 'covert test/index.js --quiet',
108 silly resolved        lint: 'jscs *.js */*.js' },
108 silly resolved     contributors: [ [Object] ],
108 silly resolved     keywords: [ 'extend', 'clone', 'merge' ],
108 silly resolved     repository:
108 silly resolved      { type: 'git',
108 silly resolved        url: 'git+https://github.com/justmoon/node-extend.git' },
108 silly resolved     dependencies: {},
108 silly resolved     devDependencies: { tape: '^4.0.0', covert: '^1.0.1', jscs: '^1.11.3' },
108 silly resolved     license: 'MIT',
108 silly resolved     gitHead: 'ce3790222d3d2051f728f74be9565f155ed599c3',
108 silly resolved     bugs: { url: 'https://github.com/justmoon/node-extend/issues' },
108 silly resolved     homepage: 'https://github.com/justmoon/node-extend#readme',
108 silly resolved     _id: 'extend@2.0.1',
108 silly resolved     _shasum: '1ee8010689e7395ff9448241c98652bc759a8260',
108 silly resolved     _from: 'extend@^2.0.0',
108 silly resolved     _npmVersion: '2.8.3',
108 silly resolved     _nodeVersion: '1.8.1',
108 silly resolved     _npmUser: { name: 'ljharb', email: 'ljharb@gmail.com' },
108 silly resolved     dist:
108 silly resolved      { shasum: '1ee8010689e7395ff9448241c98652bc759a8260',
108 silly resolved        tarball: 'http://registry.npmjs.org/extend/-/extend-2.0.1.tgz' },
108 silly resolved     maintainers: [ [Object], [Object] ],
108 silly resolved     directories: {},
108 silly resolved     _resolved: 'https://registry.npmjs.org/extend/-/extend-2.0.1.tgz' } ]
109 info install extend@2.0.1 into /home/ayoub/userTracker/node_modules/mongoose-auto-increment
110 info installOne extend@2.0.1
111 verbose node_modules/mongoose-auto-increment/node_modules/extend unbuild
112 verbose tar unpack /home/ayoub/.npm/extend/2.0.1/package.tgz
113 silly lockFile 6ead8dce-to-increment-node-modules-extend tar:///home/ayoub/userTracker/node_modules/mongoose-auto-increment/node_modules/extend
114 verbose lock tar:///home/ayoub/userTracker/node_modules/mongoose-auto-increment/node_modules/extend /home/ayoub/.npm/6ead8dce-to-increment-node-modules-extend.lock
115 silly lockFile 18242549-oub-npm-extend-2-0-1-package-tgz tar:///home/ayoub/.npm/extend/2.0.1/package.tgz
116 verbose lock tar:///home/ayoub/.npm/extend/2.0.1/package.tgz /home/ayoub/.npm/18242549-oub-npm-extend-2-0-1-package-tgz.lock
117 silly gunzTarPerm modes [ '755', '644' ]
118 silly gunzTarPerm extractEntry package.json
119 silly gunzTarPerm extractEntry .npmignore
120 silly gunzTarPerm extractEntry README.md
121 silly gunzTarPerm extractEntry LICENSE
122 silly gunzTarPerm extractEntry index.js
123 silly gunzTarPerm extractEntry .jscs.json
124 silly gunzTarPerm extractEntry component.json
125 silly gunzTarPerm extractEntry .travis.yml
126 silly gunzTarPerm extractEntry CHANGELOG.md
127 silly lockFile 6ead8dce-to-increment-node-modules-extend tar:///home/ayoub/userTracker/node_modules/mongoose-auto-increment/node_modules/extend
128 silly lockFile 6ead8dce-to-increment-node-modules-extend tar:///home/ayoub/userTracker/node_modules/mongoose-auto-increment/node_modules/extend
129 silly lockFile 18242549-oub-npm-extend-2-0-1-package-tgz tar:///home/ayoub/.npm/extend/2.0.1/package.tgz
130 silly lockFile 18242549-oub-npm-extend-2-0-1-package-tgz tar:///home/ayoub/.npm/extend/2.0.1/package.tgz
131 info preinstall extend@2.0.1
132 verbose readDependencies using package.json deps
133 verbose readDependencies using package.json deps
134 silly resolved []
135 verbose about to build /home/ayoub/userTracker/node_modules/mongoose-auto-increment/node_modules/extend
136 info build /home/ayoub/userTracker/node_modules/mongoose-auto-increment/node_modules/extend
137 verbose linkStuff [ false,
137 verbose linkStuff   false,
137 verbose linkStuff   false,
137 verbose linkStuff   '/home/ayoub/userTracker/node_modules/mongoose-auto-increment/node_modules' ]
138 info linkStuff extend@2.0.1
139 verbose linkBins extend@2.0.1
140 verbose linkMans extend@2.0.1
141 verbose rebuildBundles extend@2.0.1
142 info install extend@2.0.1
143 info postinstall extend@2.0.1
144 verbose about to build /home/ayoub/userTracker/node_modules/mongoose-auto-increment
145 info build /home/ayoub/userTracker/node_modules/mongoose-auto-increment
146 verbose linkStuff [ false, false, false, '/home/ayoub/userTracker/node_modules' ]
147 info linkStuff mongoose-auto-increment@4.0.0
148 verbose linkBins mongoose-auto-increment@4.0.0
149 verbose linkMans mongoose-auto-increment@4.0.0
150 verbose rebuildBundles mongoose-auto-increment@4.0.0
151 verbose rebuildBundles [ 'extend' ]
152 info install mongoose-auto-increment@4.0.0
153 info postinstall mongoose-auto-increment@4.0.0
154 verbose readDependencies using package.json deps
155 verbose already installed skipping mongoose@~4.0.0 /home/ayoub/userTracker
156 silly resolved []
157 error peerinvalid The package mongoose does not satisfy its siblings' peerDependencies requirements!
157 error peerinvalid Peer mongoose-auto-increment@4.0.0 wants mongoose@~4.0.0
158 error System Linux 3.16.0-45-generic
159 error command "/usr/bin/node" "/usr/bin/npm" "install" "--save" "mongoose-auto-increment"
160 error cwd /home/ayoub/userTracker
161 error node -v v0.10.37
162 error npm -v 1.4.28
163 error code EPEERINVALID
164 verbose exit [ 1, true ]
